2024-12-02 18:32:02.944 [info] [main] Log level: Info
2024-12-02 18:32:02.944 [info] [main] Validating found git in: "git"
2024-12-02 18:32:02.944 [info] [main] Using git "2.47.1" from "git"
2024-12-02 18:32:02.944 [info] [Model][doInitialScan] Initial repository scan started
2024-12-02 18:32:02.944 [info] > git rev-parse --show-toplevel [10ms]
2024-12-02 18:32:02.944 [info] > git rev-parse --git-dir --git-common-dir [2ms]
2024-12-02 18:32:02.944 [info] [Model][openRepository] Opened repository: /home/office/.config
2024-12-02 18:32:02.960 [info] > git rev-parse --show-toplevel [3ms]
2024-12-02 18:32:02.961 [info] > git config --get commit.template [9ms]
2024-12-02 18:32:02.970 [info] > git for-each-ref --format=%(refname)%00%(upstream:short)%00%(objectname)%00%(upstream:track)%00%(upstream:remotename)%00%(upstream:remoteref) refs/heads/main refs/remotes/main [2ms]
2024-12-02 18:32:02.974 [warning] [Git][revParse] Unable to read file: ENOENT: no such file or directory, open '/home/office/.config/.git/refs/remotes/origin/main'
2024-12-02 18:32:02.975 [info] > git rev-parse refs/remotes/origin/main [1ms]
2024-12-02 18:32:02.994 [info] > git for-each-ref --sort -committerdate --format %(refname) %(objectname) %(*objectname) [6ms]
2024-12-02 18:32:02.997 [info] > git status -z -uall [16ms]
2024-12-02 18:32:02.997 [info] > git rev-parse --show-toplevel [4ms]
2024-12-02 18:32:03.039 [info] > git for-each-ref --format=%(refname)%00%(upstream:short)%00%(objectname)%00%(upstream:track)%00%(upstream:remotename)%00%(upstream:remoteref) refs/heads/main refs/remotes/main [22ms]
2024-12-02 18:32:03.090 [info] > git config --local branch.main.vscode-merge-base [45ms]
2024-12-02 18:32:03.101 [info] > git config --get commit.template [62ms]
2024-12-02 18:32:03.101 [info] > git rev-parse --show-toplevel [68ms]
2024-12-02 18:32:03.143 [info] > git for-each-ref --format=%(refname)%00%(upstream:short)%00%(objectname)%00%(upstream:track)%00%(upstream:remotename)%00%(upstream:remoteref) refs/heads/origin/main refs/remotes/origin/main [43ms]
2024-12-02 18:32:03.159 [info] > git merge-base refs/heads/main refs/remotes/origin/main [9ms]
2024-12-02 18:32:03.164 [info] > git rev-parse --show-toplevel [22ms]
2024-12-02 18:32:03.171 [info] > git for-each-ref --format=%(refname)%00%(upstream:short)%00%(objectname)%00%(upstream:track)%00%(upstream:remotename)%00%(upstream:remoteref) refs/heads/main refs/remotes/main [12ms]
2024-12-02 18:32:03.177 [warning] [Git][revParse] Unable to read file: ENOENT: no such file or directory, open '/home/office/.config/.git/refs/remotes/origin/main'
2024-12-02 18:32:03.178 [info] > git rev-parse --show-toplevel [8ms]
2024-12-02 18:32:03.178 [info] > git diff --name-status -z --diff-filter=ADMR defcf70e3e33c47729e06944e6210e0aa41f3bd8...refs/remotes/origin/main [14ms]
2024-12-02 18:32:03.185 [info] > git rev-parse refs/remotes/origin/main [8ms]
2024-12-02 18:32:03.195 [info] > git rev-parse --show-toplevel [11ms]
2024-12-02 18:32:03.202 [info] > git for-each-ref --sort -committerdate --format %(refname) %(objectname) %(*objectname) [8ms]
2024-12-02 18:32:03.203 [info] > git rev-parse --show-toplevel [2ms]
2024-12-02 18:32:03.210 [info] > git status -z -uall [21ms]
2024-12-02 18:32:03.221 [info] > git rev-parse --show-toplevel [11ms]
2024-12-02 18:32:03.233 [info] > git rev-parse --show-toplevel [2ms]
2024-12-02 18:32:03.239 [info] > git rev-parse --show-toplevel [1ms]
2024-12-02 18:32:03.246 [info] > git rev-parse --show-toplevel [1ms]
2024-12-02 18:32:03.252 [info] > git rev-parse --show-toplevel [2ms]
2024-12-02 18:32:03.257 [info] > git rev-parse --show-toplevel [1ms]
2024-12-02 18:32:03.262 [info] > git rev-parse --show-toplevel [1ms]
2024-12-02 18:32:03.268 [info] > git rev-parse --show-toplevel [1ms]
2024-12-02 18:32:03.274 [info] > git rev-parse --show-toplevel [1ms]
2024-12-02 18:32:03.281 [info] > git rev-parse --show-toplevel [1ms]
2024-12-02 18:32:03.286 [info] > git rev-parse --show-toplevel [1ms]
2024-12-02 18:32:03.292 [info] > git rev-parse --show-toplevel [1ms]
2024-12-02 18:32:03.299 [info] > git rev-parse --show-toplevel [2ms]
2024-12-02 18:32:03.304 [info] > git rev-parse --show-toplevel [1ms]
2024-12-02 18:32:03.305 [info] [Model][doInitialScan] Initial repository scan completed - repositories (1), closed repositories (0), parent repositories (0), unsafe repositories (0)
2024-12-02 18:32:03.344 [info] > git show --textconv :hypr/hyprland.conf [34ms]
2024-12-02 18:32:03.344 [info] > git ls-files --stage -- /home/office/.config/hypr/hyprland.conf [29ms]
2024-12-02 18:32:03.351 [info] > git cat-file -s 6b6fc0cfd9bf3cc63e7b1bd6c405b797c377aeaf [2ms]
2024-12-02 18:32:03.474 [info] > git check-ignore -v -z --stdin [2ms]
2024-12-02 18:32:17.816 [info] > git config --get commit.template [10ms]
2024-12-02 18:32:17.817 [info] > git for-each-ref --format=%(refname)%00%(upstream:short)%00%(objectname)%00%(upstream:track)%00%(upstream:remotename)%00%(upstream:remoteref) refs/heads/main refs/remotes/main [3ms]
2024-12-02 18:32:17.829 [warning] [Git][revParse] Unable to read file: ENOENT: no such file or directory, open '/home/office/.config/.git/refs/remotes/origin/main'
2024-12-02 18:32:17.832 [info] > git rev-parse refs/remotes/origin/main [4ms]
2024-12-02 18:32:17.858 [info] > git for-each-ref --sort -committerdate --format %(refname) %(objectname) %(*objectname) [4ms]
2024-12-02 18:32:17.871 [info] > git status -z -uall [28ms]
2024-12-02 18:32:48.136 [info] > git config --get commit.template [7ms]
2024-12-02 18:32:48.137 [info] > git for-each-ref --format=%(refname)%00%(upstream:short)%00%(objectname)%00%(upstream:track)%00%(upstream:remotename)%00%(upstream:remoteref) refs/heads/main refs/remotes/main [3ms]
2024-12-02 18:32:48.143 [warning] [Git][revParse] Unable to read file: ENOENT: no such file or directory, open '/home/office/.config/.git/refs/remotes/origin/main'
2024-12-02 18:32:48.145 [info] > git rev-parse refs/remotes/origin/main [2ms]
2024-12-02 18:32:48.164 [info] > git for-each-ref --sort -committerdate --format %(refname) %(objectname) %(*objectname) [2ms]
2024-12-02 18:32:48.172 [info] > git status -z -uall [17ms]
2024-12-02 18:32:53.216 [info] > git config --get commit.template [17ms]
2024-12-02 18:32:53.217 [info] > git for-each-ref --format=%(refname)%00%(upstream:short)%00%(objectname)%00%(upstream:track)%00%(upstream:remotename)%00%(upstream:remoteref) refs/heads/main refs/remotes/main [4ms]
2024-12-02 18:32:53.231 [warning] [Git][revParse] Unable to read file: ENOENT: no such file or directory, open '/home/office/.config/.git/refs/remotes/origin/main'
2024-12-02 18:32:53.234 [info] > git rev-parse refs/remotes/origin/main [3ms]
2024-12-02 18:32:53.266 [info] > git for-each-ref --sort -committerdate --format %(refname) %(objectname) %(*objectname) [5ms]
2024-12-02 18:32:53.269 [info] > git status -z -uall [24ms]
2024-12-02 18:33:00.823 [info] > git config --get commit.template [4ms]
2024-12-02 18:33:00.833 [info] > git for-each-ref --format=%(refname)%00%(upstream:short)%00%(objectname)%00%(upstream:track)%00%(upstream:remotename)%00%(upstream:remoteref) refs/heads/main refs/remotes/main [2ms]
2024-12-02 18:33:00.838 [warning] [Git][revParse] Unable to read file: ENOENT: no such file or directory, open '/home/office/.config/.git/refs/remotes/origin/main'
2024-12-02 18:33:00.839 [info] > git rev-parse refs/remotes/origin/main [1ms]
2024-12-02 18:33:00.853 [info] > git for-each-ref --sort -committerdate --format %(refname) %(objectname) %(*objectname) [1ms]
2024-12-02 18:33:00.859 [info] > git status -z -uall [14ms]
2024-12-02 18:33:33.270 [info] > git show --textconv :install.sh [7ms]
2024-12-02 18:33:33.271 [info] > git ls-files --stage -- /home/office/.config/install.sh [2ms]
2024-12-02 18:33:33.281 [info] > git cat-file -s 8f1b4764db109a8b84a44db8b869bcceea12f0ef [3ms]
2024-12-02 18:33:34.725 [info] > git config --get commit.template [9ms]
2024-12-02 18:33:34.726 [info] > git for-each-ref --format=%(refname)%00%(upstream:short)%00%(objectname)%00%(upstream:track)%00%(upstream:remotename)%00%(upstream:remoteref) refs/heads/main refs/remotes/main [1ms]
2024-12-02 18:33:34.731 [warning] [Git][revParse] Unable to read file: ENOENT: no such file or directory, open '/home/office/.config/.git/refs/remotes/origin/main'
2024-12-02 18:33:34.733 [info] > git rev-parse refs/remotes/origin/main [2ms]
2024-12-02 18:33:34.753 [info] > git for-each-ref --sort -committerdate --format %(refname) %(objectname) %(*objectname) [3ms]
2024-12-02 18:33:34.758 [info] > git status -z -uall [17ms]
2024-12-02 18:33:35.676 [info] > git show --textconv :hypr/hyprland.conf [1ms]
2024-12-02 18:33:35.698 [info] > git ls-files --stage -- /home/office/.config/hypr/hyprland.conf [2ms]
2024-12-02 18:33:35.721 [info] > git cat-file -s 6b6fc0cfd9bf3cc63e7b1bd6c405b797c377aeaf [5ms]
2024-12-02 18:33:39.783 [info] > git config --get commit.template [6ms]
2024-12-02 18:33:39.784 [info] > git for-each-ref --format=%(refname)%00%(upstream:short)%00%(objectname)%00%(upstream:track)%00%(upstream:remotename)%00%(upstream:remoteref) refs/heads/main refs/remotes/main [2ms]
2024-12-02 18:33:39.789 [warning] [Git][revParse] Unable to read file: ENOENT: no such file or directory, open '/home/office/.config/.git/refs/remotes/origin/main'
2024-12-02 18:33:39.791 [info] > git rev-parse refs/remotes/origin/main [2ms]
2024-12-02 18:33:39.806 [info] > git for-each-ref --sort -committerdate --format %(refname) %(objectname) %(*objectname) [2ms]
2024-12-02 18:33:39.812 [info] > git status -z -uall [16ms]
2024-12-02 18:33:44.841 [info] > git config --get commit.template [5ms]
2024-12-02 18:33:44.855 [info] > git for-each-ref --format=%(refname)%00%(upstream:short)%00%(objectname)%00%(upstream:track)%00%(upstream:remotename)%00%(upstream:remoteref) refs/heads/main refs/remotes/main [3ms]
2024-12-02 18:33:44.867 [warning] [Git][revParse] Unable to read file: ENOENT: no such file or directory, open '/home/office/.config/.git/refs/remotes/origin/main'
2024-12-02 18:33:44.869 [info] > git rev-parse refs/remotes/origin/main [2ms]
2024-12-02 18:33:44.901 [info] > git for-each-ref --sort -committerdate --format %(refname) %(objectname) %(*objectname) [4ms]
2024-12-02 18:33:44.908 [info] > git status -z -uall [24ms]
2024-12-02 18:33:48.886 [info] > git show --textconv :hypr/hyprland.conf [16ms]
2024-12-02 18:33:48.892 [info] > git ls-files --stage -- /home/office/.config/hypr/hyprland.conf [8ms]
2024-12-02 18:33:48.908 [info] > git cat-file -s 6b6fc0cfd9bf3cc63e7b1bd6c405b797c377aeaf [6ms]
2024-12-02 18:33:56.398 [info] > git config --get commit.template [2ms]
2024-12-02 18:33:56.409 [info] > git for-each-ref --format=%(refname)%00%(upstream:short)%00%(objectname)%00%(upstream:track)%00%(upstream:remotename)%00%(upstream:remoteref) refs/heads/main refs/remotes/main [3ms]
2024-12-02 18:33:56.416 [warning] [Git][revParse] Unable to read file: ENOENT: no such file or directory, open '/home/office/.config/.git/refs/remotes/origin/main'
2024-12-02 18:33:56.418 [info] > git rev-parse refs/remotes/origin/main [2ms]
2024-12-02 18:33:56.435 [info] > git for-each-ref --sort -committerdate --format %(refname) %(objectname) %(*objectname) [3ms]
2024-12-02 18:33:56.441 [info] > git status -z -uall [18ms]
2024-12-02 18:37:24.243 [info] > git config --get commit.template [2ms]
2024-12-02 18:37:24.261 [info] > git for-each-ref --format=%(refname)%00%(upstream:short)%00%(objectname)%00%(upstream:track)%00%(upstream:remotename)%00%(upstream:remoteref) refs/heads/main refs/remotes/main [2ms]
2024-12-02 18:37:24.267 [warning] [Git][revParse] Unable to read file: ENOENT: no such file or directory, open '/home/office/.config/.git/refs/remotes/origin/main'
2024-12-02 18:37:24.273 [info] > git rev-parse refs/remotes/origin/main [6ms]
2024-12-02 18:37:24.298 [info] > git for-each-ref --sort -committerdate --format %(refname) %(objectname) %(*objectname) [5ms]
2024-12-02 18:37:25.505 [info] > git status -z -uall [1226ms]
2024-12-02 18:37:30.547 [info] > git config --get commit.template [8ms]
2024-12-02 18:37:30.548 [info] > git for-each-ref --format=%(refname)%00%(upstream:short)%00%(objectname)%00%(upstream:track)%00%(upstream:remotename)%00%(upstream:remoteref) refs/heads/main refs/remotes/main [2ms]
2024-12-02 18:37:30.552 [warning] [Git][revParse] Unable to read file: ENOENT: no such file or directory, open '/home/office/.config/.git/refs/remotes/origin/main'
2024-12-02 18:37:30.554 [info] > git rev-parse refs/remotes/origin/main [2ms]
2024-12-02 18:37:30.565 [info] > git for-each-ref --sort -committerdate --format %(refname) %(objectname) %(*objectname) [2ms]
2024-12-02 18:37:30.572 [info] > git status -z -uall [14ms]
2024-12-02 18:37:57.236 [info] > git config --get commit.template [2ms]
2024-12-02 18:37:57.246 [info] > git for-each-ref --format=%(refname)%00%(upstream:short)%00%(objectname)%00%(upstream:track)%00%(upstream:remotename)%00%(upstream:remoteref) refs/heads/main refs/remotes/main [2ms]
2024-12-02 18:37:57.252 [warning] [Git][revParse] Unable to read file: ENOENT: no such file or directory, open '/home/office/.config/.git/refs/remotes/origin/main'
2024-12-02 18:37:57.255 [info] > git rev-parse refs/remotes/origin/main [3ms]
2024-12-02 18:37:57.280 [info] > git for-each-ref --sort -committerdate --format %(refname) %(objectname) %(*objectname) [5ms]
2024-12-02 18:37:57.283 [info] > git status -z -uall [21ms]
2024-12-02 18:38:04.853 [info] > git config --get commit.template [12ms]
2024-12-02 18:38:04.857 [info] > git for-each-ref --format=%(refname)%00%(upstream:short)%00%(objectname)%00%(upstream:track)%00%(upstream:remotename)%00%(upstream:remoteref) refs/heads/main refs/remotes/main [5ms]
2024-12-02 18:38:04.866 [warning] [Git][revParse] Unable to read file: ENOENT: no such file or directory, open '/home/office/.config/.git/refs/remotes/origin/main'
2024-12-02 18:38:04.870 [info] > git rev-parse refs/remotes/origin/main [4ms]
2024-12-02 18:38:04.905 [info] > git for-each-ref --sort -committerdate --format %(refname) %(objectname) %(*objectname) [8ms]
2024-12-02 18:38:04.909 [info] > git status -z -uall [26ms]
