2024-12-02 20:07:42.749 [info] [main] Log level: Info
2024-12-02 20:07:42.749 [info] [main] Validating found git in: "git"
2024-12-02 20:07:42.749 [info] [main] Using git "2.47.1" from "git"
2024-12-02 20:07:42.749 [info] [Model][doInitialScan] Initial repository scan started
2024-12-02 20:07:42.749 [info] > git rev-parse --show-toplevel [69ms]
2024-12-02 20:07:42.749 [info] > git rev-parse --git-dir --git-common-dir [8ms]
2024-12-02 20:07:42.749 [info] [Model][openRepository] Opened repository: /home/office/Downloads/bday
2024-12-02 20:07:42.749 [info] [Model][doInitialScan] Initial repository scan completed - repositories (1), closed repositories (0), parent repositories (0), unsafe repositories (0)
2024-12-02 20:07:42.749 [info] > git config --get commit.template [7ms]
2024-12-02 20:07:42.753 [info] > git for-each-ref --format=%(refname)%00%(upstream:short)%00%(objectname)%00%(upstream:track)%00%(upstream:remotename)%00%(upstream:remoteref) refs/heads/main refs/remotes/main [5ms]
2024-12-02 20:07:42.769 [warning] [Git][revParse] Unable to read file: ENOENT: no such file or directory, open '/home/office/Downloads/bday/.git/refs/remotes/origin/main'
2024-12-02 20:07:42.775 [info] > git rev-parse refs/remotes/origin/main [7ms]
2024-12-02 20:07:42.818 [info] > git for-each-ref --sort -committerdate --format %(refname) %(objectname) %(*objectname) [5ms]
2024-12-02 20:07:42.823 [info] > git status -z -uall [36ms]
2024-12-02 20:07:42.875 [info] > git for-each-ref --format=%(refname)%00%(upstream:short)%00%(objectname)%00%(upstream:track)%00%(upstream:remotename)%00%(upstream:remoteref) refs/heads/main refs/remotes/main [22ms]
2024-12-02 20:07:42.885 [info] > git config --get commit.template [13ms]
2024-12-02 20:07:42.892 [info] > git config --local branch.main.vscode-merge-base [10ms]
2024-12-02 20:07:42.917 [info] > git for-each-ref --format=%(refname)%00%(upstream:short)%00%(objectname)%00%(upstream:track)%00%(upstream:remotename)%00%(upstream:remoteref) refs/heads/origin/main refs/remotes/origin/main [15ms]
2024-12-02 20:07:42.942 [info] > git merge-base refs/heads/main refs/remotes/origin/main [16ms]
2024-12-02 20:07:42.951 [info] > git for-each-ref --format=%(refname)%00%(upstream:short)%00%(objectname)%00%(upstream:track)%00%(upstream:remotename)%00%(upstream:remoteref) refs/heads/main refs/remotes/main [37ms]
2024-12-02 20:07:42.971 [warning] [Git][revParse] Unable to read file: ENOENT: no such file or directory, open '/home/office/Downloads/bday/.git/refs/remotes/origin/main'
2024-12-02 20:07:42.978 [info] > git diff --name-status -z --diff-filter=ADMR 1d4a9290a62988ef7fb03da98913b5a91ae93f73...refs/remotes/origin/main [28ms]
2024-12-02 20:07:42.981 [info] > git rev-parse refs/remotes/origin/main [9ms]
2024-12-02 20:07:43.172 [info] > git status -z -uall [178ms]
2024-12-02 20:07:43.172 [info] > git for-each-ref --sort -committerdate --format %(refname) %(objectname) %(*objectname) [154ms]
2024-12-02 20:07:43.358 [info] > git show --textconv :index.html [31ms]
2024-12-02 20:07:43.358 [info] > git ls-files --stage -- /home/office/Downloads/bday/index.html [6ms]
2024-12-02 20:07:43.394 [info] > git cat-file -s c39c81a17a4ad1d10b4b6140ed03c6255a17683a [7ms]
2024-12-02 20:07:43.758 [info] > git check-ignore -v -z --stdin [76ms]
2024-12-02 20:08:05.306 [info] [main] Log level: Info
2024-12-02 20:08:05.306 [info] [main] Validating found git in: "git"
2024-12-02 20:08:05.306 [info] [main] Using git "2.47.1" from "git"
2024-12-02 20:08:05.306 [info] [Model][doInitialScan] Initial repository scan started
2024-12-02 20:08:05.306 [info] > git rev-parse --show-toplevel [10ms]
2024-12-02 20:08:05.344 [info] > git rev-parse --git-dir --git-common-dir [7ms]
2024-12-02 20:08:05.368 [info] [Model][openRepository] Opened repository: /home/office/.config
2024-12-02 20:08:05.445 [info] > git rev-parse --show-toplevel [48ms]
2024-12-02 20:08:05.446 [info] > git config --get commit.template [63ms]
2024-12-02 20:08:05.530 [info] > git for-each-ref --format=%(refname)%00%(upstream:short)%00%(objectname)%00%(upstream:track)%00%(upstream:remotename)%00%(upstream:remoteref) refs/heads/main refs/remotes/main [68ms]
2024-12-02 20:08:05.596 [info] > git status -z -uall [41ms]
2024-12-02 20:08:05.598 [info] > git for-each-ref --sort -committerdate --format %(refname) %(objectname) %(*objectname) [19ms]
2024-12-02 20:08:05.695 [info] > git for-each-ref --format=%(refname)%00%(upstream:short)%00%(objectname)%00%(upstream:track)%00%(upstream:remotename)%00%(upstream:remoteref) refs/heads/main refs/remotes/main [32ms]
2024-12-02 20:08:05.792 [info] > git config --local branch.main.vscode-merge-base [77ms]
2024-12-02 20:08:05.812 [info] > git config --get commit.template [117ms]
2024-12-02 20:08:05.819 [info] > git for-each-ref --format=%(refname)%00%(upstream:short)%00%(objectname)%00%(upstream:track)%00%(upstream:remotename)%00%(upstream:remoteref) refs/heads/origin/main refs/remotes/origin/main [18ms]
2024-12-02 20:08:05.866 [info] > git merge-base refs/heads/main refs/remotes/origin/main [35ms]
2024-12-02 20:08:05.885 [info] > git diff --name-status -z --diff-filter=ADMR cd8b89f188f88c668b0a7c87e54503981ce6e8c4...refs/remotes/origin/main [4ms]
2024-12-02 20:08:05.885 [info] > git for-each-ref --format=%(refname)%00%(upstream:short)%00%(objectname)%00%(upstream:track)%00%(upstream:remotename)%00%(upstream:remoteref) refs/heads/main refs/remotes/main [20ms]
2024-12-02 20:08:06.039 [info] > git check-ignore -v -z --stdin [56ms]
2024-12-02 20:08:06.080 [info] > git for-each-ref --sort -committerdate --format %(refname) %(objectname) %(*objectname) [8ms]
2024-12-02 20:08:06.094 [info] > git status -z -uall [40ms]
2024-12-02 20:08:06.118 [info] > git rev-parse --show-toplevel [26ms]
2024-12-02 20:08:06.280 [info] > git rev-parse --show-toplevel [148ms]
2024-12-02 20:08:06.352 [info] > git rev-parse --show-toplevel [2ms]
2024-12-02 20:08:06.358 [info] > git rev-parse --show-toplevel [1ms]
2024-12-02 20:08:06.364 [info] > git rev-parse --show-toplevel [1ms]
2024-12-02 20:08:06.370 [info] > git rev-parse --show-toplevel [2ms]
2024-12-02 20:08:06.376 [info] > git rev-parse --show-toplevel [1ms]
2024-12-02 20:08:06.382 [info] > git rev-parse --show-toplevel [2ms]
2024-12-02 20:08:06.390 [info] > git rev-parse --show-toplevel [1ms]
2024-12-02 20:08:06.398 [info] > git rev-parse --show-toplevel [2ms]
2024-12-02 20:08:06.406 [info] > git rev-parse --show-toplevel [1ms]
2024-12-02 20:08:06.434 [info] > git rev-parse --show-toplevel [21ms]
2024-12-02 20:08:06.443 [info] > git rev-parse --show-toplevel [2ms]
2024-12-02 20:08:06.449 [info] > git rev-parse --show-toplevel [1ms]
2024-12-02 20:08:06.455 [info] > git rev-parse --show-toplevel [1ms]
2024-12-02 20:08:06.467 [info] > git rev-parse --show-toplevel [4ms]
2024-12-02 20:08:06.482 [info] > git rev-parse --show-toplevel [2ms]
2024-12-02 20:08:06.491 [info] > git rev-parse --show-toplevel [1ms]
2024-12-02 20:08:06.497 [info] > git rev-parse --show-toplevel [1ms]
2024-12-02 20:08:06.505 [info] > git rev-parse --show-toplevel [1ms]
2024-12-02 20:08:06.511 [info] > git rev-parse --show-toplevel [1ms]
2024-12-02 20:08:06.523 [info] > git rev-parse --show-toplevel [2ms]
2024-12-02 20:08:06.534 [info] > git rev-parse --show-toplevel [4ms]
2024-12-02 20:08:06.544 [info] > git rev-parse --show-toplevel [4ms]
2024-12-02 20:08:06.549 [info] > git rev-parse --show-toplevel [1ms]
2024-12-02 20:08:06.555 [info] > git rev-parse --show-toplevel [1ms]
2024-12-02 20:08:06.560 [info] > git rev-parse --show-toplevel [1ms]
2024-12-02 20:08:06.563 [info] [Model][doInitialScan] Initial repository scan completed - repositories (1), closed repositories (0), parent repositories (0), unsafe repositories (0)
2024-12-02 20:08:06.574 [info] > git show --textconv :kitty/kitty.conf [5ms]
2024-12-02 20:08:06.576 [info] > git ls-files --stage -- /home/office/.config/kitty/kitty.conf [2ms]
2024-12-02 20:08:06.582 [info] > git cat-file -s 2398b69a03256f7795bf2de1718115657f38cac4 [2ms]
2024-12-02 20:09:09.334 [info] > git config --get commit.template [2ms]
2024-12-02 20:09:09.353 [info] > git for-each-ref --format=%(refname)%00%(upstream:short)%00%(objectname)%00%(upstream:track)%00%(upstream:remotename)%00%(upstream:remoteref) refs/heads/main refs/remotes/main [2ms]
2024-12-02 20:09:09.376 [info] > git for-each-ref --sort -committerdate --format %(refname) %(objectname) %(*objectname) [4ms]
2024-12-02 20:09:09.386 [info] > git status -z -uall [26ms]
2024-12-02 20:12:12.763 [info] > git config --get commit.template [5ms]
2024-12-02 20:12:12.783 [info] > git for-each-ref --format=%(refname)%00%(upstream:short)%00%(objectname)%00%(upstream:track)%00%(upstream:remotename)%00%(upstream:remoteref) refs/heads/main refs/remotes/main [4ms]
2024-12-02 20:12:12.829 [info] > git for-each-ref --sort -committerdate --format %(refname) %(objectname) %(*objectname) [4ms]
2024-12-02 20:12:12.833 [info] > git status -z -uall [38ms]
2024-12-02 20:12:22.356 [info] > git config --get commit.template [4ms]
2024-12-02 20:12:22.378 [info] > git for-each-ref --format=%(refname)%00%(upstream:short)%00%(objectname)%00%(upstream:track)%00%(upstream:remotename)%00%(upstream:remoteref) refs/heads/main refs/remotes/main [4ms]
2024-12-02 20:12:22.430 [info] > git for-each-ref --sort -committerdate --format %(refname) %(objectname) %(*objectname) [1ms]
2024-12-02 20:12:22.456 [info] > git status -z -uall [52ms]
2024-12-02 20:12:50.440 [info] > git for-each-ref --format=%(refname)%00%(upstream:short)%00%(objectname)%00%(upstream:track)%00%(upstream:remotename)%00%(upstream:remoteref) refs/heads/main refs/remotes/main [11ms]
2024-12-02 20:12:50.441 [info] > git config --get commit.template [38ms]
2024-12-02 20:12:50.483 [info] > git for-each-ref --sort -committerdate --format %(refname) %(objectname) %(*objectname) [5ms]
2024-12-02 20:12:50.498 [info] > git status -z -uall [39ms]
2024-12-02 20:13:03.056 [info] > git config --get commit.template [5ms]
2024-12-02 20:13:03.121 [info] > git for-each-ref --format=%(refname)%00%(upstream:short)%00%(objectname)%00%(upstream:track)%00%(upstream:remotename)%00%(upstream:remoteref) refs/heads/main refs/remotes/main [11ms]
2024-12-02 20:13:03.193 [info] > git for-each-ref --sort -committerdate --format %(refname) %(objectname) %(*objectname) [1ms]
2024-12-02 20:13:03.231 [info] > git status -z -uall [61ms]
2024-12-02 20:13:05.319 [info] > git check-ignore -v -z --stdin [2ms]
2024-12-02 20:13:06.072 [info] > git check-ignore -v -z --stdin [1ms]
2024-12-02 20:13:07.677 [info] > git show --textconv :hypr/hyprland.conf [7ms]
2024-12-02 20:13:07.679 [info] > git ls-files --stage -- /home/office/.config/hypr/hyprland.conf [2ms]
2024-12-02 20:13:07.688 [info] > git cat-file -s 305d95ede6caca4750da55e723fb039bb4ff1eee [2ms]
2024-12-02 20:13:08.286 [info] > git config --get commit.template [23ms]
2024-12-02 20:13:08.291 [info] > git for-each-ref --format=%(refname)%00%(upstream:short)%00%(objectname)%00%(upstream:track)%00%(upstream:remotename)%00%(upstream:remoteref) refs/heads/main refs/remotes/main [7ms]
2024-12-02 20:13:08.343 [info] > git for-each-ref --sort -committerdate --format %(refname) %(objectname) %(*objectname) [2ms]
2024-12-02 20:13:08.349 [info] > git status -z -uall [32ms]
2024-12-02 20:13:13.384 [info] > git config --get commit.template [1ms]
2024-12-02 20:13:13.393 [info] > git for-each-ref --format=%(refname)%00%(upstream:short)%00%(objectname)%00%(upstream:track)%00%(upstream:remotename)%00%(upstream:remoteref) refs/heads/main refs/remotes/main [1ms]
2024-12-02 20:13:13.420 [info] > git for-each-ref --sort -committerdate --format %(refname) %(objectname) %(*objectname) [4ms]
2024-12-02 20:13:13.423 [info] > git status -z -uall [22ms]
2024-12-02 20:13:18.444 [info] > git config --get commit.template [6ms]
2024-12-02 20:13:18.445 [info] > git for-each-ref --format=%(refname)%00%(upstream:short)%00%(objectname)%00%(upstream:track)%00%(upstream:remotename)%00%(upstream:remoteref) refs/heads/main refs/remotes/main [1ms]
2024-12-02 20:13:18.459 [info] > git for-each-ref --sort -committerdate --format %(refname) %(objectname) %(*objectname) [1ms]
2024-12-02 20:13:18.468 [info] > git status -z -uall [16ms]
2024-12-02 20:13:23.523 [info] > git for-each-ref --format=%(refname)%00%(upstream:short)%00%(objectname)%00%(upstream:track)%00%(upstream:remotename)%00%(upstream:remoteref) refs/heads/main refs/remotes/main [1ms]
2024-12-02 20:13:23.533 [info] > git config --get commit.template [28ms]
2024-12-02 20:13:23.605 [info] > git for-each-ref --sort -committerdate --format %(refname) %(objectname) %(*objectname) [9ms]
2024-12-02 20:13:23.617 [info] > git status -z -uall [58ms]
2024-12-02 20:13:28.658 [info] > git config --get commit.template [14ms]
2024-12-02 20:13:28.659 [info] > git for-each-ref --format=%(refname)%00%(upstream:short)%00%(objectname)%00%(upstream:track)%00%(upstream:remotename)%00%(upstream:remoteref) refs/heads/main refs/remotes/main [5ms]
2024-12-02 20:13:28.688 [info] > git for-each-ref --sort -committerdate --format %(refname) %(objectname) %(*objectname) [1ms]
2024-12-02 20:13:28.695 [info] > git status -z -uall [24ms]
2024-12-02 20:13:33.738 [info] > git config --get commit.template [14ms]
2024-12-02 20:13:33.740 [info] > git for-each-ref --format=%(refname)%00%(upstream:short)%00%(objectname)%00%(upstream:track)%00%(upstream:remotename)%00%(upstream:remoteref) refs/heads/main refs/remotes/main [4ms]
2024-12-02 20:13:33.765 [info] > git for-each-ref --sort -committerdate --format %(refname) %(objectname) %(*objectname) [2ms]
2024-12-02 20:13:33.776 [info] > git status -z -uall [24ms]
2024-12-02 20:13:35.781 [info] > git show --textconv :kitty/kitty.conf [2ms]
2024-12-02 20:13:35.811 [info] > git ls-files --stage -- /home/office/.config/kitty/kitty.conf [3ms]
2024-12-02 20:13:35.832 [info] > git cat-file -s 2398b69a03256f7795bf2de1718115657f38cac4 [4ms]
2024-12-02 20:13:39.095 [info] > git config --get commit.template [8ms]
2024-12-02 20:13:39.097 [info] > git for-each-ref --format=%(refname)%00%(upstream:short)%00%(objectname)%00%(upstream:track)%00%(upstream:remotename)%00%(upstream:remoteref) refs/heads/main refs/remotes/main [3ms]
2024-12-02 20:13:39.128 [info] > git for-each-ref --sort -committerdate --format %(refname) %(objectname) %(*objectname) [2ms]
2024-12-02 20:13:39.137 [info] > git status -z -uall [29ms]
2024-12-02 20:13:44.165 [info] > git config --get commit.template [7ms]
2024-12-02 20:13:44.166 [info] > git for-each-ref --format=%(refname)%00%(upstream:short)%00%(objectname)%00%(upstream:track)%00%(upstream:remotename)%00%(upstream:remoteref) refs/heads/main refs/remotes/main [2ms]
2024-12-02 20:13:44.179 [info] > git for-each-ref --sort -committerdate --format %(refname) %(objectname) %(*objectname) [2ms]
2024-12-02 20:13:44.189 [info] > git status -z -uall [18ms]
2024-12-02 20:13:46.020 [info] > git show --textconv :kitty/kitty.conf [10ms]
2024-12-02 20:13:46.022 [info] > git ls-files --stage -- /home/office/.config/kitty/kitty.conf [2ms]
2024-12-02 20:13:46.031 [info] > git cat-file -s 2398b69a03256f7795bf2de1718115657f38cac4 [3ms]
2024-12-02 20:13:49.160 [info] > git show --textconv :hypr/hyprland.conf [25ms]
2024-12-02 20:13:49.161 [info] > git ls-files --stage -- /home/office/.config/hypr/hyprland.conf [2ms]
2024-12-02 20:13:49.179 [info] > git cat-file -s 305d95ede6caca4750da55e723fb039bb4ff1eee [3ms]
2024-12-02 20:13:49.214 [info] > git config --get commit.template [3ms]
2024-12-02 20:13:49.227 [info] > git for-each-ref --format=%(refname)%00%(upstream:short)%00%(objectname)%00%(upstream:track)%00%(upstream:remotename)%00%(upstream:remoteref) refs/heads/main refs/remotes/main [1ms]
2024-12-02 20:13:49.254 [info] > git for-each-ref --sort -committerdate --format %(refname) %(objectname) %(*objectname) [2ms]
2024-12-02 20:13:49.268 [info] > git status -z -uall [27ms]
