2024-12-02 19:26:01.829 [info] [main] Log level: Info
2024-12-02 19:26:01.829 [info] [main] Validating found git in: "git"
2024-12-02 19:26:01.882 [info] [main] Using git "2.47.1" from "git"
2024-12-02 19:26:01.882 [info] [Model][doInitialScan] Initial repository scan started
2024-12-02 19:26:02.041 [info] > git rev-parse --show-toplevel [120ms]
2024-12-02 19:26:02.075 [info] > git rev-parse --git-dir --git-common-dir [1ms]
2024-12-02 19:26:02.088 [info] [Model][openRepository] Opened repository: /home/office/.config
2024-12-02 19:26:02.101 [info] > git config --get commit.template [4ms]
2024-12-02 19:26:02.111 [info] > git for-each-ref --format=%(refname)%00%(upstream:short)%00%(objectname)%00%(upstream:track)%00%(upstream:remotename)%00%(upstream:remoteref) refs/heads/main refs/remotes/main [4ms]
2024-12-02 19:26:02.293 [info] > git status -z -uall [26ms]
2024-12-02 19:26:02.293 [info] > git for-each-ref --sort -committerdate --format %(refname) %(objectname) %(*objectname) [15ms]
2024-12-02 19:26:02.334 [info] > git for-each-ref --format=%(refname)%00%(upstream:short)%00%(objectname)%00%(upstream:track)%00%(upstream:remotename)%00%(upstream:remoteref) refs/heads/main refs/remotes/main [16ms]
2024-12-02 19:26:02.343 [info] > git config --local branch.main.vscode-merge-base [4ms]
2024-12-02 19:26:02.355 [info] > git config --get commit.template [21ms]
2024-12-02 19:26:02.488 [info] > git rev-parse --show-toplevel [127ms]
2024-12-02 19:26:02.488 [info] > git for-each-ref --format=%(refname)%00%(upstream:short)%00%(objectname)%00%(upstream:track)%00%(upstream:remotename)%00%(upstream:remoteref) refs/heads/origin/main refs/remotes/origin/main [134ms]
2024-12-02 19:26:02.555 [info] > git merge-base refs/heads/main refs/remotes/origin/main [58ms]
2024-12-02 19:26:02.562 [info] > git for-each-ref --format=%(refname)%00%(upstream:short)%00%(objectname)%00%(upstream:track)%00%(upstream:remotename)%00%(upstream:remoteref) refs/heads/main refs/remotes/main [75ms]
2024-12-02 19:26:02.567 [info] > git diff --name-status -z --diff-filter=ADMR cd8b89f188f88c668b0a7c87e54503981ce6e8c4...refs/remotes/origin/main [6ms]
2024-12-02 19:26:02.568 [info] > git rev-parse --show-toplevel [14ms]
2024-12-02 19:26:02.593 [info] > git rev-parse --show-toplevel [11ms]
2024-12-02 19:26:02.758 [info] > git status -z -uall [28ms]
2024-12-02 19:26:02.758 [info] > git check-ignore -v -z --stdin [3ms]
2024-12-02 19:26:02.759 [info] > git rev-parse --show-toplevel [16ms]
2024-12-02 19:26:02.759 [info] > git for-each-ref --sort -committerdate --format %(refname) %(objectname) %(*objectname) [24ms]
2024-12-02 19:26:02.772 [info] > git rev-parse --show-toplevel [2ms]
2024-12-02 19:26:02.777 [info] > git rev-parse --show-toplevel [1ms]
2024-12-02 19:26:02.783 [info] > git rev-parse --show-toplevel [2ms]
2024-12-02 19:26:02.789 [info] > git rev-parse --show-toplevel [2ms]
2024-12-02 19:26:02.795 [info] > git rev-parse --show-toplevel [1ms]
2024-12-02 19:26:02.801 [info] > git rev-parse --show-toplevel [2ms]
2024-12-02 19:26:02.807 [info] > git rev-parse --show-toplevel [2ms]
2024-12-02 19:26:02.812 [info] > git rev-parse --show-toplevel [1ms]
2024-12-02 19:26:02.818 [info] > git rev-parse --show-toplevel [1ms]
2024-12-02 19:26:02.834 [info] > git rev-parse --show-toplevel [11ms]
2024-12-02 19:26:02.840 [info] > git rev-parse --show-toplevel [1ms]
2024-12-02 19:26:02.845 [info] > git rev-parse --show-toplevel [1ms]
2024-12-02 19:26:02.851 [info] > git rev-parse --show-toplevel [2ms]
2024-12-02 19:26:02.856 [info] > git rev-parse --show-toplevel [1ms]
2024-12-02 19:26:02.870 [info] > git rev-parse --show-toplevel [8ms]
2024-12-02 19:26:02.878 [info] > git rev-parse --show-toplevel [1ms]
2024-12-02 19:26:02.883 [info] > git rev-parse --show-toplevel [1ms]
2024-12-02 19:26:02.888 [info] > git rev-parse --show-toplevel [1ms]
2024-12-02 19:26:02.894 [info] > git rev-parse --show-toplevel [1ms]
2024-12-02 19:26:02.900 [info] > git rev-parse --show-toplevel [1ms]
2024-12-02 19:26:02.904 [info] [Model][doInitialScan] Initial repository scan completed - repositories (1), closed repositories (0), parent repositories (0), unsafe repositories (0)
2024-12-02 19:26:03.370 [info] > git show --textconv :kitty/.bashrc [25ms]
2024-12-02 19:26:03.371 [info] > git ls-files --stage -- /home/office/.config/kitty/.bashrc [5ms]
2024-12-02 19:26:03.398 [info] > git cat-file -s f335b15db7659a9dfec871e3c972969093cb014a [2ms]
2024-12-02 19:26:05.828 [info] > git config --get commit.template [6ms]
2024-12-02 19:26:05.829 [info] > git for-each-ref --format=%(refname)%00%(upstream:short)%00%(objectname)%00%(upstream:track)%00%(upstream:remotename)%00%(upstream:remoteref) refs/heads/main refs/remotes/main [1ms]
2024-12-02 19:26:05.841 [info] > git for-each-ref --sort -committerdate --format %(refname) %(objectname) %(*objectname) [1ms]
2024-12-02 19:26:05.850 [info] > git status -z -uall [16ms]
2024-12-02 19:26:09.197 [info] > git check-ignore -v -z --stdin [2ms]
2024-12-02 19:26:10.868 [info] > git config --get commit.template [7ms]
2024-12-02 19:26:10.869 [info] > git for-each-ref --format=%(refname)%00%(upstream:short)%00%(objectname)%00%(upstream:track)%00%(upstream:remotename)%00%(upstream:remoteref) refs/heads/main refs/remotes/main [2ms]
2024-12-02 19:26:10.886 [info] > git for-each-ref --sort -committerdate --format %(refname) %(objectname) %(*objectname) [2ms]
2024-12-02 19:26:10.900 [info] > git status -z -uall [24ms]
2024-12-02 19:26:10.912 [info] > git show --textconv :kitty/.bash_profile [13ms]
2024-12-02 19:26:10.915 [info] > git ls-files --stage -- /home/office/.config/kitty/.bash_profile [4ms]
2024-12-02 19:26:10.922 [info] > git cat-file -s 4f4d30c4bd2b86a89e67e7024e559a090a392c60 [2ms]
2024-12-02 19:26:13.717 [info] > git show --textconv :kitty/kitty.conf [7ms]
2024-12-02 19:26:13.719 [info] > git ls-files --stage -- /home/office/.config/kitty/kitty.conf [3ms]
2024-12-02 19:26:13.725 [info] > git cat-file -s 2398b69a03256f7795bf2de1718115657f38cac4 [1ms]
2024-12-02 19:26:15.649 [info] > git show --textconv :kitty/.bash_profile [8ms]
2024-12-02 19:26:15.650 [info] > git ls-files --stage -- /home/office/.config/kitty/.bash_profile [2ms]
2024-12-02 19:26:15.658 [info] > git cat-file -s 4f4d30c4bd2b86a89e67e7024e559a090a392c60 [2ms]
2024-12-02 19:26:15.921 [info] > git config --get commit.template [8ms]
2024-12-02 19:26:15.924 [info] > git for-each-ref --format=%(refname)%00%(upstream:short)%00%(objectname)%00%(upstream:track)%00%(upstream:remotename)%00%(upstream:remoteref) refs/heads/main refs/remotes/main [4ms]
2024-12-02 19:26:15.953 [info] > git for-each-ref --sort -committerdate --format %(refname) %(objectname) %(*objectname) [3ms]
2024-12-02 19:26:15.962 [info] > git status -z -uall [28ms]
2024-12-02 19:26:16.548 [info] > git show --textconv :kitty/.bashrc [7ms]
2024-12-02 19:26:16.549 [info] > git ls-files --stage -- /home/office/.config/kitty/.bashrc [2ms]
2024-12-02 19:26:16.555 [info] > git cat-file -s f335b15db7659a9dfec871e3c972969093cb014a [2ms]
2024-12-02 19:26:17.744 [info] > git show --textconv :kitty/.bash_profile [12ms]
2024-12-02 19:26:17.747 [info] > git ls-files --stage -- /home/office/.config/kitty/.bash_profile [5ms]
2024-12-02 19:26:17.767 [info] > git cat-file -s 4f4d30c4bd2b86a89e67e7024e559a090a392c60 [5ms]
2024-12-02 19:26:33.784 [info] > git config --get commit.template [19ms]
2024-12-02 19:26:33.786 [info] > git for-each-ref --format=%(refname)%00%(upstream:short)%00%(objectname)%00%(upstream:track)%00%(upstream:remotename)%00%(upstream:remoteref) refs/heads/main refs/remotes/main [2ms]
2024-12-02 19:26:33.837 [info] > git for-each-ref --sort -committerdate --format %(refname) %(objectname) %(*objectname) [3ms]
2024-12-02 19:26:33.850 [info] > git status -z -uall [43ms]
2024-12-02 19:27:40.036 [info] > git config --get commit.template [15ms]
2024-12-02 19:27:40.037 [info] > git for-each-ref --format=%(refname)%00%(upstream:short)%00%(objectname)%00%(upstream:track)%00%(upstream:remotename)%00%(upstream:remoteref) refs/heads/main refs/remotes/main [2ms]
2024-12-02 19:27:40.081 [info] > git for-each-ref --sort -committerdate --format %(refname) %(objectname) %(*objectname) [4ms]
2024-12-02 19:27:40.096 [info] > git status -z -uall [45ms]
2024-12-02 19:27:51.075 [info] > git config --get commit.template [10ms]
2024-12-02 19:27:51.076 [info] > git for-each-ref --format=%(refname)%00%(upstream:short)%00%(objectname)%00%(upstream:track)%00%(upstream:remotename)%00%(upstream:remoteref) refs/heads/main refs/remotes/main [3ms]
2024-12-02 19:27:51.099 [info] > git for-each-ref --sort -committerdate --format %(refname) %(objectname) %(*objectname) [3ms]
2024-12-02 19:27:51.107 [info] > git status -z -uall [21ms]
2024-12-02 19:28:10.887 [info] > git config --get commit.template [16ms]
2024-12-02 19:28:10.890 [info] > git for-each-ref --format=%(refname)%00%(upstream:short)%00%(objectname)%00%(upstream:track)%00%(upstream:remotename)%00%(upstream:remoteref) refs/heads/main refs/remotes/main [4ms]
2024-12-02 19:28:10.928 [info] > git for-each-ref --sort -committerdate --format %(refname) %(objectname) %(*objectname) [5ms]
2024-12-02 19:28:10.934 [info] > git status -z -uall [29ms]
2024-12-02 19:29:30.366 [info] > git config --get commit.template [1ms]
2024-12-02 19:29:30.382 [info] > git for-each-ref --format=%(refname)%00%(upstream:short)%00%(objectname)%00%(upstream:track)%00%(upstream:remotename)%00%(upstream:remoteref) refs/heads/main refs/remotes/main [2ms]
2024-12-02 19:29:30.412 [info] > git for-each-ref --sort -committerdate --format %(refname) %(objectname) %(*objectname) [1ms]
2024-12-02 19:29:30.426 [info] > git status -z -uall [33ms]
2024-12-02 19:29:33.450 [info] > git show --textconv :kitty/kitty.conf [6ms]
2024-12-02 19:29:33.452 [info] > git ls-files --stage -- /home/office/.config/kitty/kitty.conf [2ms]
2024-12-02 19:29:33.458 [info] > git cat-file -s 2398b69a03256f7795bf2de1718115657f38cac4 [1ms]
2024-12-02 19:29:35.452 [info] > git config --get commit.template [6ms]
2024-12-02 19:29:35.453 [info] > git for-each-ref --format=%(refname)%00%(upstream:short)%00%(objectname)%00%(upstream:track)%00%(upstream:remotename)%00%(upstream:remoteref) refs/heads/main refs/remotes/main [1ms]
2024-12-02 19:29:35.465 [info] > git for-each-ref --sort -committerdate --format %(refname) %(objectname) %(*objectname) [2ms]
2024-12-02 19:29:35.474 [info] > git status -z -uall [16ms]
2024-12-02 19:29:38.155 [info] > git show --textconv :kitty/easy-term.omp.json [130ms]
2024-12-02 19:29:38.156 [info] > git ls-files --stage -- /home/office/.config/kitty/easy-term.omp.json [83ms]
2024-12-02 19:29:38.271 [info] > git cat-file -s f0353e0f7f78669fe111e0df673d4c91e73da435 [54ms]
2024-12-02 19:29:38.586 [info] > git show --textconv :kitty/hoi hoi.conf [21ms]
2024-12-02 19:29:38.595 [info] > git ls-files --stage -- /home/office/.config/kitty/hoi hoi.conf [10ms]
2024-12-02 19:29:38.623 [info] > git cat-file -s 3558a8bf68a4f7754beacba23c27cd9dc2478343 [4ms]
2024-12-02 19:29:40.145 [info] > git show --textconv :kitty/kitty.conf [12ms]
2024-12-02 19:29:40.146 [info] > git ls-files --stage -- /home/office/.config/kitty/kitty.conf [2ms]
2024-12-02 19:29:40.160 [info] > git cat-file -s 2398b69a03256f7795bf2de1718115657f38cac4 [1ms]
2024-12-02 19:29:40.747 [info] > git config --get commit.template [12ms]
2024-12-02 19:29:40.750 [info] > git for-each-ref --format=%(refname)%00%(upstream:short)%00%(objectname)%00%(upstream:track)%00%(upstream:remotename)%00%(upstream:remoteref) refs/heads/main refs/remotes/main [4ms]
2024-12-02 19:29:40.779 [info] > git for-each-ref --sort -committerdate --format %(refname) %(objectname) %(*objectname) [3ms]
2024-12-02 19:29:40.790 [info] > git status -z -uall [29ms]
2024-12-02 19:29:45.013 [info] > git show --textconv :kitty/tanish.omp.json [16ms]
2024-12-02 19:29:45.016 [info] > git ls-files --stage -- /home/office/.config/kitty/tanish.omp.json [5ms]
2024-12-02 19:29:45.029 [info] > git cat-file -s bd60b925db3cb4549337c61a542612d4c45d896c [3ms]
2024-12-02 19:29:46.392 [info] > git config --get commit.template [7ms]
2024-12-02 19:29:46.393 [info] > git for-each-ref --format=%(refname)%00%(upstream:short)%00%(objectname)%00%(upstream:track)%00%(upstream:remotename)%00%(upstream:remoteref) refs/heads/main refs/remotes/main [2ms]
2024-12-02 19:29:46.408 [info] > git for-each-ref --sort -committerdate --format %(refname) %(objectname) %(*objectname) [2ms]
2024-12-02 19:29:46.417 [info] > git status -z -uall [18ms]
2024-12-02 19:29:49.717 [info] > git show --textconv :kitty/tanish.omp.json [16ms]
2024-12-02 19:29:49.719 [info] > git ls-files --stage -- /home/office/.config/kitty/tanish.omp.json [3ms]
2024-12-02 19:29:49.734 [info] > git cat-file -s bd60b925db3cb4549337c61a542612d4c45d896c [3ms]
2024-12-02 19:29:51.431 [info] > git config --get commit.template [6ms]
2024-12-02 19:29:51.432 [info] > git for-each-ref --format=%(refname)%00%(upstream:short)%00%(objectname)%00%(upstream:track)%00%(upstream:remotename)%00%(upstream:remoteref) refs/heads/main refs/remotes/main [1ms]
2024-12-02 19:29:51.446 [info] > git for-each-ref --sort -committerdate --format %(refname) %(objectname) %(*objectname) [1ms]
2024-12-02 19:29:51.453 [info] > git status -z -uall [15ms]
2024-12-02 19:31:10.660 [info] > git config --get commit.template [12ms]
2024-12-02 19:31:10.663 [info] > git for-each-ref --format=%(refname)%00%(upstream:short)%00%(objectname)%00%(upstream:track)%00%(upstream:remotename)%00%(upstream:remoteref) refs/heads/main refs/remotes/main [5ms]
2024-12-02 19:31:10.703 [info] > git for-each-ref --sort -committerdate --format %(refname) %(objectname) %(*objectname) [5ms]
2024-12-02 19:31:10.734 [info] > git status -z -uall [59ms]
2024-12-02 19:31:27.444 [info] > git config --get commit.template [10ms]
2024-12-02 19:31:27.445 [info] > git for-each-ref --format=%(refname)%00%(upstream:short)%00%(objectname)%00%(upstream:track)%00%(upstream:remotename)%00%(upstream:remoteref) refs/heads/main refs/remotes/main [3ms]
2024-12-02 19:31:27.479 [info] > git for-each-ref --sort -committerdate --format %(refname) %(objectname) %(*objectname) [2ms]
2024-12-02 19:31:27.483 [info] > git status -z -uall [26ms]
2024-12-02 19:32:41.810 [info] > git config --get commit.template [15ms]
2024-12-02 19:32:41.813 [info] > git for-each-ref --format=%(refname)%00%(upstream:short)%00%(objectname)%00%(upstream:track)%00%(upstream:remotename)%00%(upstream:remoteref) refs/heads/main refs/remotes/main [4ms]
2024-12-02 19:32:41.850 [info] > git for-each-ref --sort -committerdate --format %(refname) %(objectname) %(*objectname) [5ms]
2024-12-02 19:32:41.864 [info] > git status -z -uall [34ms]
2024-12-02 19:32:46.894 [info] > git config --get commit.template [12ms]
2024-12-02 19:32:46.896 [info] > git for-each-ref --format=%(refname)%00%(upstream:short)%00%(objectname)%00%(upstream:track)%00%(upstream:remotename)%00%(upstream:remoteref) refs/heads/main refs/remotes/main [2ms]
2024-12-02 19:32:46.919 [info] > git for-each-ref --sort -committerdate --format %(refname) %(objectname) %(*objectname) [2ms]
2024-12-02 19:32:46.928 [info] > git status -z -uall [22ms]
2024-12-02 19:33:03.147 [info] > git config --get commit.template [34ms]
2024-12-02 19:33:03.149 [info] > git for-each-ref --format=%(refname)%00%(upstream:short)%00%(objectname)%00%(upstream:track)%00%(upstream:remotename)%00%(upstream:remoteref) refs/heads/main refs/remotes/main [14ms]
2024-12-02 19:33:03.192 [info] > git for-each-ref --sort -committerdate --format %(refname) %(objectname) %(*objectname) [6ms]
2024-12-02 19:33:03.196 [info] > git status -z -uall [33ms]
2024-12-02 19:33:09.171 [info] > git config --get commit.template [3ms]
2024-12-02 19:33:09.180 [info] > git for-each-ref --format=%(refname)%00%(upstream:short)%00%(objectname)%00%(upstream:track)%00%(upstream:remotename)%00%(upstream:remoteref) refs/heads/main refs/remotes/main [2ms]
2024-12-02 19:33:09.197 [info] > git for-each-ref --sort -committerdate --format %(refname) %(objectname) %(*objectname) [2ms]
2024-12-02 19:33:09.204 [info] > git status -z -uall [17ms]
2024-12-02 19:37:53.155 [info] > git config --get commit.template [1ms]
2024-12-02 19:37:53.183 [info] > git for-each-ref --format=%(refname)%00%(upstream:short)%00%(objectname)%00%(upstream:track)%00%(upstream:remotename)%00%(upstream:remoteref) refs/heads/main refs/remotes/main [4ms]
2024-12-02 19:37:53.272 [info] > git for-each-ref --sort -committerdate --format %(refname) %(objectname) %(*objectname) [22ms]
2024-12-02 19:37:53.304 [info] > git status -z -uall [82ms]
2024-12-02 19:37:53.706 [info] > git check-ignore -v -z --stdin [5ms]
2024-12-02 19:37:58.342 [info] > git config --get commit.template [6ms]
2024-12-02 19:37:58.343 [info] > git for-each-ref --format=%(refname)%00%(upstream:short)%00%(objectname)%00%(upstream:track)%00%(upstream:remotename)%00%(upstream:remoteref) refs/heads/main refs/remotes/main [2ms]
2024-12-02 19:37:58.357 [info] > git for-each-ref --sort -committerdate --format %(refname) %(objectname) %(*objectname) [2ms]
2024-12-02 19:37:58.366 [info] > git status -z -uall [18ms]
2024-12-02 19:38:22.895 [info] > git check-ignore -v -z --stdin [3ms]
2024-12-02 19:38:48.745 [info] > git check-ignore -v -z --stdin [2ms]
2024-12-02 19:39:29.193 [info] > git config --get commit.template [8ms]
2024-12-02 19:39:29.194 [info] > git for-each-ref --format=%(refname)%00%(upstream:short)%00%(objectname)%00%(upstream:track)%00%(upstream:remotename)%00%(upstream:remoteref) refs/heads/main refs/remotes/main [2ms]
2024-12-02 19:39:29.210 [info] > git for-each-ref --sort -committerdate --format %(refname) %(objectname) %(*objectname) [2ms]
2024-12-02 19:39:29.219 [info] > git status -z -uall [19ms]
2024-12-02 19:39:38.894 [info] > git config --get commit.template [2ms]
2024-12-02 19:39:38.910 [info] > git for-each-ref --format=%(refname)%00%(upstream:short)%00%(objectname)%00%(upstream:track)%00%(upstream:remotename)%00%(upstream:remoteref) refs/heads/main refs/remotes/main [2ms]
2024-12-02 19:39:38.937 [info] > git for-each-ref --sort -committerdate --format %(refname) %(objectname) %(*objectname) [2ms]
2024-12-02 19:39:38.945 [info] > git status -z -uall [27ms]
2024-12-02 19:39:56.925 [info] > git config --get commit.template [2ms]
2024-12-02 19:39:56.938 [info] > git for-each-ref --format=%(refname)%00%(upstream:short)%00%(objectname)%00%(upstream:track)%00%(upstream:remotename)%00%(upstream:remoteref) refs/heads/main refs/remotes/main [3ms]
2024-12-02 19:39:56.966 [info] > git for-each-ref --sort -committerdate --format %(refname) %(objectname) %(*objectname) [1ms]
2024-12-02 19:39:56.980 [info] > git status -z -uall [27ms]
2024-12-02 19:40:06.202 [info] > git config --get commit.template [15ms]
2024-12-02 19:40:06.268 [info] > git for-each-ref --format=%(refname)%00%(upstream:short)%00%(objectname)%00%(upstream:track)%00%(upstream:remotename)%00%(upstream:remoteref) refs/heads/main refs/remotes/main [1ms]
2024-12-02 19:40:06.344 [info] > git for-each-ref --sort -committerdate --format %(refname) %(objectname) %(*objectname) [10ms]
2024-12-02 19:40:06.363 [info] > git status -z -uall [77ms]
2024-12-02 19:40:15.859 [info] > git config --get commit.template [10ms]
2024-12-02 19:40:15.884 [info] > git for-each-ref --format=%(refname)%00%(upstream:short)%00%(objectname)%00%(upstream:track)%00%(upstream:remotename)%00%(upstream:remoteref) refs/heads/main refs/remotes/main [3ms]
2024-12-02 19:40:15.928 [info] > git for-each-ref --sort -committerdate --format %(refname) %(objectname) %(*objectname) [6ms]
2024-12-02 19:40:15.941 [info] > git status -z -uall [39ms]
2024-12-02 19:40:21.885 [info] > git config --get commit.template [19ms]
2024-12-02 19:40:21.886 [info] > git for-each-ref --format=%(refname)%00%(upstream:short)%00%(objectname)%00%(upstream:track)%00%(upstream:remotename)%00%(upstream:remoteref) refs/heads/main refs/remotes/main [2ms]
2024-12-02 19:40:21.918 [info] > git for-each-ref --sort -committerdate --format %(refname) %(objectname) %(*objectname) [8ms]
2024-12-02 19:40:21.928 [info] > git status -z -uall [33ms]
2024-12-02 19:41:03.186 [info] > git config --get commit.template [19ms]
2024-12-02 19:41:03.190 [info] > git for-each-ref --format=%(refname)%00%(upstream:short)%00%(objectname)%00%(upstream:track)%00%(upstream:remotename)%00%(upstream:remoteref) refs/heads/main refs/remotes/main [6ms]
2024-12-02 19:41:03.232 [info] > git for-each-ref --sort -committerdate --format %(refname) %(objectname) %(*objectname) [3ms]
2024-12-02 19:41:03.241 [info] > git status -z -uall [34ms]
2024-12-02 19:41:10.384 [info] > git config --get commit.template [2ms]
2024-12-02 19:41:10.406 [info] > git for-each-ref --format=%(refname)%00%(upstream:short)%00%(objectname)%00%(upstream:track)%00%(upstream:remotename)%00%(upstream:remoteref) refs/heads/main refs/remotes/main [3ms]
2024-12-02 19:41:10.429 [info] > git for-each-ref --sort -committerdate --format %(refname) %(objectname) %(*objectname) [1ms]
2024-12-02 19:41:10.440 [info] > git status -z -uall [24ms]
2024-12-02 19:41:15.474 [info] > git config --get commit.template [14ms]
2024-12-02 19:41:15.475 [info] > git for-each-ref --format=%(refname)%00%(upstream:short)%00%(objectname)%00%(upstream:track)%00%(upstream:remotename)%00%(upstream:remoteref) refs/heads/main refs/remotes/main [3ms]
2024-12-02 19:41:15.502 [info] > git for-each-ref --sort -committerdate --format %(refname) %(objectname) %(*objectname) [2ms]
2024-12-02 19:41:15.513 [info] > git status -z -uall [31ms]
2024-12-02 19:41:28.238 [info] > git config --get commit.template [12ms]
2024-12-02 19:41:28.239 [info] > git for-each-ref --format=%(refname)%00%(upstream:short)%00%(objectname)%00%(upstream:track)%00%(upstream:remotename)%00%(upstream:remoteref) refs/heads/main refs/remotes/main [2ms]
2024-12-02 19:41:28.259 [info] > git for-each-ref --sort -committerdate --format %(refname) %(objectname) %(*objectname) [1ms]
2024-12-02 19:41:28.267 [info] > git status -z -uall [18ms]
2024-12-02 19:43:26.694 [info] > git config --get commit.template [16ms]
2024-12-02 19:43:26.696 [info] > git for-each-ref --format=%(refname)%00%(upstream:short)%00%(objectname)%00%(upstream:track)%00%(upstream:remotename)%00%(upstream:remoteref) refs/heads/main refs/remotes/main [3ms]
2024-12-02 19:43:26.714 [info] > git for-each-ref --sort -committerdate --format %(refname) %(objectname) %(*objectname) [1ms]
2024-12-02 19:43:26.725 [info] > git status -z -uall [21ms]
2024-12-02 19:43:32.202 [info] > git config --get commit.template [3ms]
2024-12-02 19:43:32.214 [info] > git for-each-ref --format=%(refname)%00%(upstream:short)%00%(objectname)%00%(upstream:track)%00%(upstream:remotename)%00%(upstream:remoteref) refs/heads/main refs/remotes/main [3ms]
2024-12-02 19:43:32.232 [info] > git for-each-ref --sort -committerdate --format %(refname) %(objectname) %(*objectname) [2ms]
2024-12-02 19:43:32.242 [info] > git status -z -uall [21ms]
2024-12-02 19:44:10.151 [info] > git config --get commit.template [5ms]
2024-12-02 19:44:10.165 [info] > git for-each-ref --format=%(refname)%00%(upstream:short)%00%(objectname)%00%(upstream:track)%00%(upstream:remotename)%00%(upstream:remoteref) refs/heads/main refs/remotes/main [3ms]
2024-12-02 19:44:10.197 [info] > git for-each-ref --sort -committerdate --format %(refname) %(objectname) %(*objectname) [6ms]
2024-12-02 19:44:10.208 [info] > git status -z -uall [35ms]
2024-12-02 19:44:55.927 [info] > git config --get commit.template [1ms]
2024-12-02 19:44:55.946 [info] > git for-each-ref --format=%(refname)%00%(upstream:short)%00%(objectname)%00%(upstream:track)%00%(upstream:remotename)%00%(upstream:remoteref) refs/heads/main refs/remotes/main [1ms]
2024-12-02 19:44:56.006 [info] > git for-each-ref --sort -committerdate --format %(refname) %(objectname) %(*objectname) [4ms]
2024-12-02 19:44:56.024 [info] > git status -z -uall [50ms]
2024-12-02 19:45:01.050 [info] > git for-each-ref --format=%(refname)%00%(upstream:short)%00%(objectname)%00%(upstream:track)%00%(upstream:remotename)%00%(upstream:remoteref) refs/heads/main refs/remotes/main [1ms]
2024-12-02 19:45:01.050 [info] > git config --get commit.template [11ms]
2024-12-02 19:45:01.068 [info] > git for-each-ref --sort -committerdate --format %(refname) %(objectname) %(*objectname) [2ms]
2024-12-02 19:45:01.075 [info] > git status -z -uall [18ms]
2024-12-02 19:48:26.739 [info] > git for-each-ref --format=%(refname)%00%(upstream:short)%00%(objectname)%00%(upstream:track)%00%(upstream:remotename)%00%(upstream:remoteref) refs/heads/main refs/remotes/main [5ms]
2024-12-02 19:48:26.740 [info] > git config --get commit.template [28ms]
2024-12-02 19:48:26.790 [info] > git for-each-ref --sort -committerdate --format %(refname) %(objectname) %(*objectname) [10ms]
2024-12-02 19:48:26.799 [info] > git status -z -uall [41ms]
2024-12-02 19:52:51.875 [info] > git config --get commit.template [15ms]
2024-12-02 19:52:51.878 [info] > git for-each-ref --format=%(refname)%00%(upstream:short)%00%(objectname)%00%(upstream:track)%00%(upstream:remotename)%00%(upstream:remoteref) refs/heads/main refs/remotes/main [4ms]
2024-12-02 19:52:51.906 [info] > git for-each-ref --sort -committerdate --format %(refname) %(objectname) %(*objectname) [2ms]
2024-12-02 19:52:51.919 [info] > git status -z -uall [28ms]
2024-12-02 19:53:10.136 [info] > git config --get commit.template [32ms]
2024-12-02 19:53:10.140 [info] > git for-each-ref --format=%(refname)%00%(upstream:short)%00%(objectname)%00%(upstream:track)%00%(upstream:remotename)%00%(upstream:remoteref) refs/heads/main refs/remotes/main [5ms]
2024-12-02 19:53:10.219 [info] > git status -z -uall [36ms]
2024-12-02 19:53:10.225 [info] > git for-each-ref --sort -committerdate --format %(refname) %(objectname) %(*objectname) [9ms]
2024-12-02 19:53:12.698 [info] > git show --textconv :kitty/kitty.conf [36ms]
2024-12-02 19:53:12.705 [info] > git ls-files --stage -- /home/office/.config/kitty/kitty.conf [13ms]
2024-12-02 19:53:12.742 [info] > git cat-file -s 2398b69a03256f7795bf2de1718115657f38cac4 [6ms]
2024-12-02 19:53:15.250 [info] > git config --get commit.template [8ms]
2024-12-02 19:53:15.251 [info] > git for-each-ref --format=%(refname)%00%(upstream:short)%00%(objectname)%00%(upstream:track)%00%(upstream:remotename)%00%(upstream:remoteref) refs/heads/main refs/remotes/main [2ms]
2024-12-02 19:53:15.265 [info] > git for-each-ref --sort -committerdate --format %(refname) %(objectname) %(*objectname) [2ms]
2024-12-02 19:53:15.274 [info] > git status -z -uall [17ms]
2024-12-02 19:53:25.188 [info] > git config --get commit.template [1ms]
2024-12-02 19:53:25.203 [info] > git for-each-ref --format=%(refname)%00%(upstream:short)%00%(objectname)%00%(upstream:track)%00%(upstream:remotename)%00%(upstream:remoteref) refs/heads/main refs/remotes/main [3ms]
2024-12-02 19:53:25.230 [info] > git for-each-ref --sort -committerdate --format %(refname) %(objectname) %(*objectname) [3ms]
2024-12-02 19:53:25.245 [info] > git status -z -uall [28ms]
2024-12-02 19:53:35.258 [info] > git config --get commit.template [2ms]
2024-12-02 19:53:35.268 [info] > git for-each-ref --format=%(refname)%00%(upstream:short)%00%(objectname)%00%(upstream:track)%00%(upstream:remotename)%00%(upstream:remoteref) refs/heads/main refs/remotes/main [2ms]
2024-12-02 19:53:35.287 [info] > git for-each-ref --sort -committerdate --format %(refname) %(objectname) %(*objectname) [2ms]
2024-12-02 19:53:35.299 [info] > git status -z -uall [23ms]
2024-12-02 19:53:40.326 [info] > git config --get commit.template [10ms]
2024-12-02 19:53:40.327 [info] > git for-each-ref --format=%(refname)%00%(upstream:short)%00%(objectname)%00%(upstream:track)%00%(upstream:remotename)%00%(upstream:remoteref) refs/heads/main refs/remotes/main [4ms]
2024-12-02 19:53:40.347 [info] > git for-each-ref --sort -committerdate --format %(refname) %(objectname) %(*objectname) [2ms]
2024-12-02 19:53:40.358 [info] > git status -z -uall [22ms]
2024-12-02 19:53:45.382 [info] > git config --get commit.template [6ms]
2024-12-02 19:53:45.384 [info] > git for-each-ref --format=%(refname)%00%(upstream:short)%00%(objectname)%00%(upstream:track)%00%(upstream:remotename)%00%(upstream:remoteref) refs/heads/main refs/remotes/main [2ms]
2024-12-02 19:53:45.397 [info] > git for-each-ref --sort -committerdate --format %(refname) %(objectname) %(*objectname) [2ms]
2024-12-02 19:53:45.406 [info] > git status -z -uall [16ms]
2024-12-02 19:53:50.439 [info] > git config --get commit.template [11ms]
2024-12-02 19:53:50.441 [info] > git for-each-ref --format=%(refname)%00%(upstream:short)%00%(objectname)%00%(upstream:track)%00%(upstream:remotename)%00%(upstream:remoteref) refs/heads/main refs/remotes/main [4ms]
2024-12-02 19:53:50.469 [info] > git for-each-ref --sort -committerdate --format %(refname) %(objectname) %(*objectname) [2ms]
2024-12-02 19:53:50.475 [info] > git status -z -uall [24ms]
2024-12-02 19:56:16.456 [info] > git config --get commit.template [13ms]
2024-12-02 19:56:16.457 [info] > git for-each-ref --format=%(refname)%00%(upstream:short)%00%(objectname)%00%(upstream:track)%00%(upstream:remotename)%00%(upstream:remoteref) refs/heads/main refs/remotes/main [2ms]
2024-12-02 19:56:16.476 [info] > git for-each-ref --sort -committerdate --format %(refname) %(objectname) %(*objectname) [2ms]
2024-12-02 19:56:16.487 [info] > git status -z -uall [22ms]
2024-12-02 19:56:53.120 [info] > git config --get commit.template [3ms]
2024-12-02 19:56:53.289 [info] > git for-each-ref --format=%(refname)%00%(upstream:short)%00%(objectname)%00%(upstream:track)%00%(upstream:remotename)%00%(upstream:remoteref) refs/heads/main refs/remotes/main [13ms]
2024-12-02 19:56:53.471 [info] > git for-each-ref --sort -committerdate --format %(refname) %(objectname) %(*objectname) [14ms]
2024-12-02 19:56:53.487 [info] > git status -z -uall [94ms]
