2024-12-02 20:07:43.290 [info] Reading sessions from keychain...
2024-12-02 20:07:43.290 [info] Getting sessions for all scopes...
2024-12-02 20:07:43.290 [info] Getting sessions for all scopes...
2024-12-02 20:07:43.290 [info] Getting sessions for all scopes...
2024-12-02 20:07:43.355 [info] Getting sessions for read:user,repo,user:email,workflow...
2024-12-02 20:07:43.396 [info] Got stored sessions!
2024-12-02 20:07:43.396 [info] Got 1 verified sessions.
2024-12-02 20:07:43.396 [info] Got 1 sessions for ...
2024-12-02 20:07:43.396 [info] Got 1 sessions for ...
2024-12-02 20:07:43.397 [info] Got 1 sessions for ...
2024-12-02 20:07:43.397 [info] Got 1 sessions for read:user,repo,user:email,workflow...
2024-12-02 20:07:44.248 [info] Getting sessions for read:user,repo,user:email,workflow...
2024-12-02 20:07:44.248 [info] Got 1 sessions for read:user,repo,user:email,workflow...
2024-12-02 20:07:44.349 [info] Getting sessions for all scopes...
2024-12-02 20:07:44.349 [info] Got 1 sessions for ...
2024-12-02 20:08:06.085 [info] Reading sessions from keychain...
2024-12-02 20:08:06.085 [info] Getting sessions for all scopes...
2024-12-02 20:08:06.085 [info] Getting sessions for all scopes...
2024-12-02 20:08:06.085 [info] Getting sessions for all scopes...
2024-12-02 20:08:06.085 [info] Got stored sessions!
2024-12-02 20:08:06.085 [info] Got 1 verified sessions.
2024-12-02 20:08:06.085 [info] Got 1 sessions for ...
2024-12-02 20:08:06.085 [info] Got 1 sessions for ...
2024-12-02 20:08:06.085 [info] Got 1 sessions for ...
2024-12-02 20:08:06.093 [info] Getting sessions for read:user,repo,user:email,workflow...
2024-12-02 20:08:06.093 [info] Got 1 sessions for read:user,repo,user:email,workflow...
2024-12-02 20:08:06.344 [info] Getting sessions for all scopes...
2024-12-02 20:08:06.344 [info] Got 1 sessions for ...
2024-12-02 20:08:06.774 [info] Getting sessions for read:user,repo,user:email,workflow...
2024-12-02 20:08:06.774 [info] Got 1 sessions for read:user,repo,user:email,workflow...
