2024-12-02 20:07:37.943 [info] Added views:outline in workbench.view.explorer
2024-12-02 20:07:37.943 [info] Added views:workbench.view.search in workbench.view.search
2024-12-02 20:07:37.943 [info] Added views:workbench.scm in workbench.view.scm
2024-12-02 20:07:37.943 [info] Added views:workbench.panel.markers.view in workbench.panel.markers
2024-12-02 20:07:37.943 [info] Added views:workbench.panel.output in workbench.panel.output
2024-12-02 20:07:37.943 [info] Added views:terminal in terminal
2024-12-02 20:07:37.943 [info] Added views:timeline in workbench.view.explorer
2024-12-02 20:07:37.943 [info] Added views:workbench.explorer.fileView in workbench.view.explorer
2024-12-02 20:07:38.860 [info] Added views:workbench.debug.welcome in workbench.view.debug
2024-12-02 20:07:40.499 [info] Added views:workbench.panel.repl.view in workbench.panel.repl
2024-12-02 20:07:42.710 [info] Added views:workbench.scm.history in workbench.view.scm
2024-12-02 20:07:43.392 [info] Added views:~remote.forwardedPorts in ~remote.forwardedPortsContainer
2024-12-02 20:07:59.925 [info] Removed views:workbench.scm.history from workbench.view.scm
2024-12-02 20:08:00.967 [info] Added views:outline in workbench.view.explorer
2024-12-02 20:08:00.967 [info] Added views:workbench.view.search in workbench.view.search
2024-12-02 20:08:00.967 [info] Added views:workbench.scm in workbench.view.scm
2024-12-02 20:08:00.967 [info] Added views:workbench.panel.markers.view in workbench.panel.markers
2024-12-02 20:08:00.967 [info] Added views:workbench.panel.output in workbench.panel.output
2024-12-02 20:08:00.967 [info] Added views:terminal in terminal
2024-12-02 20:08:00.967 [info] Added views:timeline in workbench.view.explorer
2024-12-02 20:08:00.967 [info] Added views:workbench.explorer.fileView in workbench.view.explorer
2024-12-02 20:08:01.534 [info] Added views:workbench.debug.welcome in workbench.view.debug
2024-12-02 20:08:04.315 [info] Added views:workbench.panel.repl.view in workbench.panel.repl
2024-12-02 20:08:04.967 [info] Added views:~remote.forwardedPorts in ~remote.forwardedPortsContainer
2024-12-02 20:08:05.421 [info] Added views:workbench.scm.history in workbench.view.scm
2024-12-02 20:13:50.209 [info] Removed views:workbench.scm.history from workbench.view.scm
