2024-12-02 18:39:11.286 [info] Reading sessions from keychain...
2024-12-02 18:39:11.286 [info] Getting sessions for all scopes...
2024-12-02 18:39:11.286 [info] Getting sessions for all scopes...
2024-12-02 18:39:11.286 [info] Getting sessions for all scopes...
2024-12-02 18:39:11.286 [info] Got 0 sessions for ...
2024-12-02 18:39:11.286 [info] Got 0 sessions for ...
2024-12-02 18:39:11.286 [info] Got 0 sessions for ...
2024-12-02 18:39:11.286 [info] Getting sessions for read:user,repo,user:email,workflow...
2024-12-02 18:39:11.286 [info] Got 0 sessions for read:user,repo,user:email,workflow...
2024-12-02 19:13:46.974 [info] Getting sessions for read:user,repo,user:email,workflow...
2024-12-02 19:13:46.974 [info] Got 0 sessions for read:user,repo,user:email,workflow...
2024-12-02 19:13:50.400 [info] Logging in with 'any' account...
2024-12-02 19:13:50.400 [info] Logging in for the following scopes: read:user repo user:email workflow
2024-12-02 19:13:50.435 [info] Trying without local server... (read:user repo user:email workflow)
2024-12-02 19:14:02.673 [info] Exchanging code for token...
2024-12-02 19:14:03.051 [info] Token exchange success!
2024-12-02 19:14:03.052 [info] Getting user info...
2024-12-02 19:14:03.490 [info] Got account info!
2024-12-02 19:14:03.490 [info] Storing 1 sessions...
2024-12-02 19:14:07.658 [info] Reading sessions from keychain...
2024-12-02 19:14:07.659 [info] Stored 1 sessions!
2024-12-02 19:14:07.660 [info] Login success!
2024-12-02 19:14:07.675 [info] Got stored sessions!
2024-12-02 19:14:07.675 [info] Got 1 verified sessions.
2024-12-02 19:14:08.108 [info] Getting sessions for read:user,repo,user:email,workflow...
2024-12-02 19:14:08.108 [info] Got 1 sessions for read:user,repo,user:email,workflow...
2024-12-02 19:14:08.141 [info] Getting sessions for read:user,repo,user:email,workflow...
2024-12-02 19:14:08.141 [info] Got 1 sessions for read:user,repo,user:email,workflow...
